<?xml version="1.0" encoding="UTF-8"?>
<testsuites name="Checklist" time="29" tests="6" failures="0" errors="0">
   <testsuite name="Checklist" tests="6" failures="0" errors="0" time="29" timestamp="2019-01-22 15:05:41" hostname="taylor.sablowsky - LAPTOP1046.nrccua-hq.local" id="Test Suites/Checklist">
      <properties>
         <property name="deviceName" value=""/>
         <property name="devicePlatform" value=""/>
         <property name="logFolder" value="C:\\Users\\taylor.sablowsky\\Katalon Studio\\API PoC_BK\\Reports\\Checklist\\20190122_150539"/>
         <property name="logFiles" value="C:\\Users\\taylor.sablowsky\\Katalon Studio\\API PoC_BK\\Reports\\Checklist\\20190122_150539\\execution0.log"/>
         <property name="attachments" value=""/>
         <property name="hostName" value="taylor.sablowsky - LAPTOP1046.nrccua-hq.local"/>
         <property name="hostAddress" value="192.168.39.235"/>
         <property name="os" value="Windows 10 64bit"/>
         <property name="katalonVersion" value="5.10.3.1"/>
      </properties>
      <testcase name="Test Cases/Checklist/TC1_Checklist_GetChecklist" classname="Test Cases/Checklist/TC1_Checklist_GetChecklist" status="PASSED">
         <system-out><![CDATA[2019-01-22 15:05:42 - [TEST_CASE][PASSED] - Test Cases/Checklist/TC1_Checklist_GetChecklist: Test Cases/Checklist/TC1_Checklist_GetChecklist

2019-01-22 15:05:43 - [TEST_STEP][PASSED] - getTokenTestObject = findTestObject("Helpers/Login/Helper_MO_Login"): null

2019-01-22 15:05:43 - [TEST_STEP][PASSED] - responseTokenObject = sendRequest(getTokenTestObject): Send request successfully

2019-01-22 15:05:48 - [MESSAGE][INFO] - HAR: C:\Users\taylor.sablowsky\Katalon Studio\API PoC_BK\Reports\Checklist\20190122_150539\requests\main\0.har

2019-01-22 15:05:48 - [MESSAGE][PASSED] - Send request successfully

2019-01-22 15:05:48 - [TEST_STEP][PASSED] - tokenObject = JsonSlurper().parseText(responseTokenObject.getResponseText()): null

2019-01-22 15:05:48 - [TEST_STEP][PASSED] - token = bearer_token: null

2019-01-22 15:05:48 - [TEST_STEP][PASSED] - getUserInfoTestObject = findTestObject("Helpers/Checklist/Get_Checklist"): null

2019-01-22 15:05:48 - [TEST_STEP][PASSED] - getHttpHeaderProperties().add(new com.kms.katalon.core.testobject.TestObjectProperty(Authorization, com.kms.katalon.core.testobject.ConditionType.EQUALS, (Bearer  + token))): null

2019-01-22 15:05:48 - [TEST_STEP][PASSED] - sendRequestAndVerify(getUserInfoTestObject): Send request and verify the response successfully

2019-01-22 15:05:49 - [TEST_CASE][PASSED] - Start Test Case : Verification: Verification accomplished successfully

2019-01-22 15:05:49 - [TEST_STEP][PASSED] - request = getInstance().getCurrentRequest(): null

2019-01-22 15:05:49 - [TEST_STEP][PASSED] - response = getInstance().getCurrentResponse(): null

2019-01-22 15:05:49 - [TEST_STEP][PASSED] - verifyResponseStatusCode(response, 200): Verify response status code successfully

2019-01-22 15:05:49 - [MESSAGE][PASSED] - Verify response status code successfully

2019-01-22 15:05:49 - [TEST_STEP][PASSED] - getStatusCode()).isEqualTo(200): null

2019-01-22 15:05:49 - [MESSAGE][PASSED] - Verify response successfully

2019-01-22 15:05:49 - [MESSAGE][PASSED] - Send request and verify the response successfully]]></system-out>
         <system-err><![CDATA[]]></system-err>
      </testcase>
      <testcase name="Test Cases/Checklist/TC2_Checklist_MarkArchived" classname="Test Cases/Checklist/TC2_Checklist_MarkArchived" status="PASSED">
         <system-out><![CDATA[2019-01-22 15:05:51 - [TEST_CASE][PASSED] - Test Cases/Checklist/TC2_Checklist_MarkArchived: Test Cases/Checklist/TC2_Checklist_MarkArchived

2019-01-22 15:05:51 - [TEST_STEP][PASSED] - getTokenTestObject = findTestObject("Helpers/Login/Helper_MO_Login"): null

2019-01-22 15:05:51 - [TEST_STEP][PASSED] - responseTokenObject = sendRequest(getTokenTestObject): Send request successfully

2019-01-22 15:05:52 - [MESSAGE][INFO] - HAR: C:\Users\taylor.sablowsky\Katalon Studio\API PoC_BK\Reports\Checklist\20190122_150539\requests\main\1.har

2019-01-22 15:05:52 - [MESSAGE][PASSED] - Send request successfully

2019-01-22 15:05:52 - [TEST_STEP][PASSED] - tokenObject = JsonSlurper().parseText(responseTokenObject.getResponseText()): null

2019-01-22 15:05:52 - [TEST_STEP][PASSED] - token = bearer_token: null

2019-01-22 15:05:52 - [TEST_STEP][PASSED] - getUserInfoTestObject = findTestObject("Helpers/Checklist/Put_Checklist_MarkArchived"): null

2019-01-22 15:05:52 - [TEST_STEP][PASSED] - getHttpHeaderProperties().add(new com.kms.katalon.core.testobject.TestObjectProperty(Authorization, com.kms.katalon.core.testobject.ConditionType.EQUALS, (Bearer  + token))): null

2019-01-22 15:05:52 - [TEST_STEP][PASSED] - sendRequestAndVerify(getUserInfoTestObject): Send request and verify the response successfully

2019-01-22 15:05:53 - [TEST_CASE][PASSED] - Start Test Case : Verification: Verification accomplished successfully

2019-01-22 15:05:53 - [TEST_STEP][PASSED] - request = getInstance().getCurrentRequest(): null

2019-01-22 15:05:53 - [TEST_STEP][PASSED] - response = getInstance().getCurrentResponse(): null

2019-01-22 15:05:53 - [TEST_STEP][PASSED] - verifyResponseStatusCode(response, 200): Verify response status code successfully

2019-01-22 15:05:53 - [MESSAGE][PASSED] - Verify response status code successfully

2019-01-22 15:05:53 - [TEST_STEP][PASSED] - getStatusCode()).isEqualTo(200): null

2019-01-22 15:05:53 - [MESSAGE][PASSED] - Verify response successfully

2019-01-22 15:05:53 - [MESSAGE][PASSED] - Send request and verify the response successfully]]></system-out>
         <system-err><![CDATA[]]></system-err>
      </testcase>
      <testcase name="Test Cases/Checklist/TC3_Checklist_MarkDone" classname="Test Cases/Checklist/TC3_Checklist_MarkDone" status="PASSED">
         <system-out><![CDATA[2019-01-22 15:05:55 - [TEST_CASE][PASSED] - Test Cases/Checklist/TC3_Checklist_MarkDone: Test Cases/Checklist/TC3_Checklist_MarkDone

2019-01-22 15:05:55 - [TEST_STEP][PASSED] - getTokenTestObject = findTestObject("Helpers/Login/Helper_MO_Login"): null

2019-01-22 15:05:55 - [TEST_STEP][PASSED] - responseTokenObject = sendRequest(getTokenTestObject): Send request successfully

2019-01-22 15:05:56 - [MESSAGE][INFO] - HAR: C:\Users\taylor.sablowsky\Katalon Studio\API PoC_BK\Reports\Checklist\20190122_150539\requests\main\2.har

2019-01-22 15:05:56 - [MESSAGE][PASSED] - Send request successfully

2019-01-22 15:05:56 - [TEST_STEP][PASSED] - tokenObject = JsonSlurper().parseText(responseTokenObject.getResponseText()): null

2019-01-22 15:05:56 - [TEST_STEP][PASSED] - token = bearer_token: null

2019-01-22 15:05:56 - [TEST_STEP][PASSED] - getUserInfoTestObject = findTestObject("Helpers/Checklist/Put_Checklist_MarkDone"): null

2019-01-22 15:05:56 - [TEST_STEP][PASSED] - getHttpHeaderProperties().add(new com.kms.katalon.core.testobject.TestObjectProperty(Authorization, com.kms.katalon.core.testobject.ConditionType.EQUALS, (Bearer  + token))): null

2019-01-22 15:05:56 - [TEST_STEP][PASSED] - sendRequestAndVerify(getUserInfoTestObject): Send request and verify the response successfully

2019-01-22 15:05:56 - [TEST_CASE][PASSED] - Start Test Case : Verification: Verification accomplished successfully

2019-01-22 15:05:57 - [TEST_STEP][PASSED] - request = getInstance().getCurrentRequest(): null

2019-01-22 15:05:57 - [TEST_STEP][PASSED] - response = getInstance().getCurrentResponse(): null

2019-01-22 15:05:57 - [TEST_STEP][PASSED] - verifyResponseStatusCode(response, 200): Verify response status code successfully

2019-01-22 15:05:57 - [MESSAGE][PASSED] - Verify response status code successfully

2019-01-22 15:05:57 - [TEST_STEP][PASSED] - getStatusCode()).isEqualTo(200): null

2019-01-22 15:05:57 - [MESSAGE][PASSED] - Verify response successfully

2019-01-22 15:05:57 - [MESSAGE][PASSED] - Send request and verify the response successfully]]></system-out>
         <system-err><![CDATA[]]></system-err>
      </testcase>
      <testcase name="Test Cases/Checklist/TC4_Checklist_MarkToDo" classname="Test Cases/Checklist/TC4_Checklist_MarkToDo" status="PASSED">
         <system-out><![CDATA[2019-01-22 15:05:59 - [TEST_CASE][PASSED] - Test Cases/Checklist/TC4_Checklist_MarkToDo: Test Cases/Checklist/TC4_Checklist_MarkToDo

2019-01-22 15:05:59 - [TEST_STEP][PASSED] - getTokenTestObject = findTestObject("Helpers/Login/Helper_MO_Login"): null

2019-01-22 15:05:59 - [TEST_STEP][PASSED] - responseTokenObject = sendRequest(getTokenTestObject): Send request successfully

2019-01-22 15:06:00 - [MESSAGE][INFO] - HAR: C:\Users\taylor.sablowsky\Katalon Studio\API PoC_BK\Reports\Checklist\20190122_150539\requests\main\3.har

2019-01-22 15:06:00 - [MESSAGE][PASSED] - Send request successfully

2019-01-22 15:06:00 - [TEST_STEP][PASSED] - tokenObject = JsonSlurper().parseText(responseTokenObject.getResponseText()): null

2019-01-22 15:06:00 - [TEST_STEP][PASSED] - token = bearer_token: null

2019-01-22 15:06:00 - [TEST_STEP][PASSED] - getUserInfoTestObject = findTestObject("Helpers/Checklist/Put_Checklist_MarkToDo"): null

2019-01-22 15:06:00 - [TEST_STEP][PASSED] - getHttpHeaderProperties().add(new com.kms.katalon.core.testobject.TestObjectProperty(Authorization, com.kms.katalon.core.testobject.ConditionType.EQUALS, (Bearer  + token))): null

2019-01-22 15:06:00 - [TEST_STEP][PASSED] - sendRequestAndVerify(getUserInfoTestObject): Send request and verify the response successfully

2019-01-22 15:06:00 - [TEST_CASE][PASSED] - Start Test Case : Verification: Verification accomplished successfully

2019-01-22 15:06:01 - [TEST_STEP][PASSED] - request = getInstance().getCurrentRequest(): null

2019-01-22 15:06:01 - [TEST_STEP][PASSED] - response = getInstance().getCurrentResponse(): null

2019-01-22 15:06:01 - [TEST_STEP][PASSED] - verifyResponseStatusCode(response, 200): Verify response status code successfully

2019-01-22 15:06:01 - [MESSAGE][PASSED] - Verify response status code successfully

2019-01-22 15:06:01 - [TEST_STEP][PASSED] - getStatusCode()).isEqualTo(200): null

2019-01-22 15:06:01 - [MESSAGE][PASSED] - Verify response successfully

2019-01-22 15:06:01 - [MESSAGE][PASSED] - Send request and verify the response successfully]]></system-out>
         <system-err><![CDATA[]]></system-err>
      </testcase>
      <testcase name="Test Cases/Checklist/TC5_Checklist_DeleteNotes" classname="Test Cases/Checklist/TC5_Checklist_DeleteNotes" status="PASSED">
         <system-out><![CDATA[2019-01-22 15:06:03 - [TEST_CASE][PASSED] - Test Cases/Checklist/TC5_Checklist_DeleteNotes: Test Cases/Checklist/TC5_Checklist_DeleteNotes

2019-01-22 15:06:03 - [TEST_STEP][PASSED] - getTokenTestObject = findTestObject("Helpers/Login/Helper_MO_Login"): null

2019-01-22 15:06:03 - [TEST_STEP][PASSED] - responseTokenObject = sendRequest(getTokenTestObject): Send request successfully

2019-01-22 15:06:04 - [MESSAGE][INFO] - HAR: C:\Users\taylor.sablowsky\Katalon Studio\API PoC_BK\Reports\Checklist\20190122_150539\requests\main\4.har

2019-01-22 15:06:04 - [MESSAGE][PASSED] - Send request successfully

2019-01-22 15:06:04 - [TEST_STEP][PASSED] - tokenObject = JsonSlurper().parseText(responseTokenObject.getResponseText()): null

2019-01-22 15:06:04 - [TEST_STEP][PASSED] - token = bearer_token: null

2019-01-22 15:06:04 - [TEST_STEP][PASSED] - getUserInfoTestObject = findTestObject("Helpers/Checklist/Put_Checklist_DeleteNotes"): null

2019-01-22 15:06:04 - [TEST_STEP][PASSED] - getHttpHeaderProperties().add(new com.kms.katalon.core.testobject.TestObjectProperty(Authorization, com.kms.katalon.core.testobject.ConditionType.EQUALS, (Bearer  + token))): null

2019-01-22 15:06:04 - [TEST_STEP][PASSED] - sendRequestAndVerify(getUserInfoTestObject): Send request and verify the response successfully

2019-01-22 15:06:04 - [TEST_CASE][PASSED] - Start Test Case : Verification: Verification accomplished successfully

2019-01-22 15:06:04 - [TEST_STEP][PASSED] - request = getInstance().getCurrentRequest(): null

2019-01-22 15:06:04 - [TEST_STEP][PASSED] - response = getInstance().getCurrentResponse(): null

2019-01-22 15:06:04 - [TEST_STEP][PASSED] - verifyResponseStatusCode(response, 200): Verify response status code successfully

2019-01-22 15:06:04 - [MESSAGE][PASSED] - Verify response status code successfully

2019-01-22 15:06:04 - [TEST_STEP][PASSED] - getStatusCode()).isEqualTo(200): null

2019-01-22 15:06:04 - [MESSAGE][PASSED] - Verify response successfully

2019-01-22 15:06:04 - [MESSAGE][PASSED] - Send request and verify the response successfully]]></system-out>
         <system-err><![CDATA[]]></system-err>
      </testcase>
      <testcase name="Test Cases/Checklist/TC6_Checklist_AddNotes" classname="Test Cases/Checklist/TC6_Checklist_AddNotes" status="PASSED">
         <system-out><![CDATA[2019-01-22 15:06:06 - [TEST_CASE][PASSED] - Test Cases/Checklist/TC6_Checklist_AddNotes: Test Cases/Checklist/TC6_Checklist_AddNotes

2019-01-22 15:06:07 - [TEST_STEP][PASSED] - getTokenTestObject = findTestObject("Helpers/Login/Helper_MO_Login"): null

2019-01-22 15:06:07 - [TEST_STEP][PASSED] - responseTokenObject = sendRequest(getTokenTestObject): Send request successfully

2019-01-22 15:06:08 - [MESSAGE][INFO] - HAR: C:\Users\taylor.sablowsky\Katalon Studio\API PoC_BK\Reports\Checklist\20190122_150539\requests\main\5.har

2019-01-22 15:06:08 - [MESSAGE][PASSED] - Send request successfully

2019-01-22 15:06:08 - [TEST_STEP][PASSED] - tokenObject = JsonSlurper().parseText(responseTokenObject.getResponseText()): null

2019-01-22 15:06:08 - [TEST_STEP][PASSED] - token = bearer_token: null

2019-01-22 15:06:08 - [TEST_STEP][PASSED] - getUserInfoTestObject = findTestObject("Helpers/Checklist/Put_Checklist_DeleteNotes"): null

2019-01-22 15:06:08 - [TEST_STEP][PASSED] - getHttpHeaderProperties().add(new com.kms.katalon.core.testobject.TestObjectProperty(Authorization, com.kms.katalon.core.testobject.ConditionType.EQUALS, (Bearer  + token))): null

2019-01-22 15:06:08 - [TEST_STEP][PASSED] - sendRequestAndVerify(getUserInfoTestObject): Send request and verify the response successfully

2019-01-22 15:06:09 - [TEST_CASE][PASSED] - Start Test Case : Verification: Verification accomplished successfully

2019-01-22 15:06:09 - [TEST_STEP][PASSED] - request = getInstance().getCurrentRequest(): null

2019-01-22 15:06:09 - [TEST_STEP][PASSED] - response = getInstance().getCurrentResponse(): null

2019-01-22 15:06:09 - [TEST_STEP][PASSED] - verifyResponseStatusCode(response, 200): Verify response status code successfully

2019-01-22 15:06:09 - [MESSAGE][PASSED] - Verify response status code successfully

2019-01-22 15:06:09 - [TEST_STEP][PASSED] - getStatusCode()).isEqualTo(200): null

2019-01-22 15:06:09 - [MESSAGE][PASSED] - Verify response successfully

2019-01-22 15:06:09 - [MESSAGE][PASSED] - Send request and verify the response successfully]]></system-out>
         <system-err><![CDATA[]]></system-err>
      </testcase>
      <system-out><![CDATA[2019-01-22 15:05:41 - [TEST_SUITE][PASSED] - Checklist: Test Cases/Checklist/TC6_Checklist_AddNotes]]></system-out>
      <system-err><![CDATA[]]></system-err>
   </testsuite>
</testsuites>
